<?xml version="1.0" encoding="UTF-8"?>
<testng-results skipped="0" failed="0" total="1" passed="1">
  <reporter-output>
  </reporter-output>
  <suite name="Default suite" duration-ms="23709" started-at="2019-05-16T12:04:44Z" finished-at="2019-05-16T12:05:08Z">
    <groups>
    </groups>
    <test name="Default test" duration-ms="23709" started-at="2019-05-16T12:04:44Z" finished-at="2019-05-16T12:05:08Z">
      <class name="com.projectautomation.test.DemoTest1">
        <test-method status="PASS" signature="beforeTest()[pri:0, instance:com.projectautomation.test.DemoTest1@2b98378d]" name="beforeTest" is-config="true" duration-ms="10377" started-at="2019-05-16T17:34:44Z" finished-at="2019-05-16T17:34:54Z">
          <reporter-output>
          </reporter-output>
        </test-method> <!-- beforeTest -->
        <test-method status="PASS" signature="LoginTest()[pri:0, instance:com.projectautomation.test.DemoTest1@2b98378d]" name="LoginTest" duration-ms="12429" started-at="2019-05-16T17:34:54Z" finished-at="2019-05-16T17:35:07Z">
          <reporter-output>
          </reporter-output>
        </test-method> <!-- LoginTest -->
        <test-method status="PASS" signature="afterTest()[pri:0, instance:com.projectautomation.test.DemoTest1@2b98378d]" name="afterTest" is-config="true" duration-ms="889" started-at="2019-05-16T17:35:07Z" finished-at="2019-05-16T17:35:08Z">
          <reporter-output>
          </reporter-output>
        </test-method> <!-- afterTest -->
      </class> <!-- com.projectautomation.test.DemoTest1 -->
    </test> <!-- Default test -->
  </suite> <!-- Default suite -->
</testng-results>
